


ARM Macro Assembler    Page 1 


    1 00000000         ;/******************************************************
                       ********************//**
    2 00000000         ; * @file     startup_LPC17xx.s
    3 00000000         ; * @brief    CMSIS Cortex-M3 Core Device Startup File f
                       or
    4 00000000         ; *           NXP LPC17xx Device Series
    5 00000000         ; * @version  V1.10
    6 00000000         ; * @date     06. April 2011
    7 00000000         ; *
    8 00000000         ; * @note
    9 00000000         ; * Copyright (C) 2009-2011 ARM Limited. All rights rese
                       rved.
   10 00000000         ; *
   11 00000000         ; * @par
   12 00000000         ; * ARM Limited (ARM) is supplying this software for use
                        with Cortex-M
   13 00000000         ; * processor based microcontrollers.  This file can be 
                       freely distributed
   14 00000000         ; * within development tools that are supporting such AR
                       M based processors.
   15 00000000         ; *
   16 00000000         ; * @par
   17 00000000         ; * THIS SOFTWARE IS PROVIDED "AS IS".  NO WARRANTIES, W
                       HETHER EXPRESS, IMPLIED
   18 00000000         ; * OR STATUTORY, INCLUDING, BUT NOT LIMITED TO, IMPLIED
                        WARRANTIES OF
   19 00000000         ; * MERCHANTABILITY AND FITNESS FOR A PARTICULAR PURPOSE
                        APPLY TO THIS SOFTWARE.
   20 00000000         ; * ARM SHALL NOT, IN ANY CIRCUMSTANCES, BE LIABLE FOR S
                       PECIAL, INCIDENTAL, OR
   21 00000000         ; * CONSEQUENTIAL DAMAGES, FOR ANY REASON WHATSOEVER.
   22 00000000         ; *
   23 00000000         ; ******************************************************
                       ************************/
   24 00000000         
   25 00000000         ; *------- <<< Use Configuration Wizard in Context Menu 
                       >>> ------------------
   26 00000000         
   27 00000000         ; <h> Stack Configuration
   28 00000000         ;   <o> Stack Size (in Bytes) <0x0-0xFFFFFFFF:8>
   29 00000000         ; </h>
   30 00000000         
   31 00000000 00000200 
                       Stack_Size
                               EQU              0x00000200
   32 00000000         
   33 00000000                 AREA             STACK, NOINIT, READWRITE, ALIGN
=3
   34 00000000         Stack_Mem
                               SPACE            Stack_Size
   35 00000200         __initial_sp
   36 00000200         
   37 00000200         
   38 00000200         ; <h> Heap Configuration
   39 00000200         ;   <o>  Heap Size (in Bytes) <0x0-0xFFFFFFFF:8>
   40 00000200         ; </h>
   41 00000200         
   42 00000200 00000200 
                       Heap_Size



ARM Macro Assembler    Page 2 


                               EQU              0x00000200
   43 00000200         
   44 00000200                 AREA             HEAP, NOINIT, READWRITE, ALIGN=
3 
                                                            ; 2*3
   45 00000000         __heap_base
   46 00000000         Heap_Mem
                               SPACE            Heap_Size
   47 00000200         __heap_limit
   48 00000200         
   49 00000200         
   50 00000200                 PRESERVE8
   51 00000200                 THUMB
   52 00000200         
   53 00000200         
   54 00000200         ; Vector Table Mapped to Address 0 at Reset
   55 00000200         
   56 00000200                 AREA             RESET, DATA, READONLY
   57 00000000                 EXPORT           __Vectors
   58 00000000         
   59 00000000 00000000 
                       __Vectors
                               DCD              __initial_sp ; Top of Stack
   60 00000004 00000000        DCD              Reset_Handler ; Reset Handler
   61 00000008 00000000        DCD              NMI_Handler ; NMI Handler
   62 0000000C 00000000        DCD              HardFault_Handler ; Hard Fault 
                                                            Handler
   63 00000010 00000000        DCD              MemManage_Handler 
                                                            ; MPU Fault Handler
                                                            
   64 00000014 00000000        DCD              BusFault_Handler 
                                                            ; Bus Fault Handler
                                                            
   65 00000018 00000000        DCD              UsageFault_Handler ; Usage Faul
                                                            t Handler
   66 0000001C 00000000        DCD              0           ; Reserved
   67 00000020 00000000        DCD              0           ; Reserved
   68 00000024 00000000        DCD              0           ; Reserved
   69 00000028 00000000        DCD              0           ; Reserved
   70 0000002C 00000000        DCD              SVC_Handler ; SVCall Handler
   71 00000030 00000000        DCD              DebugMon_Handler ; Debug Monito
                                                            r Handler
   72 00000034 00000000        DCD              0           ; Reserved
   73 00000038 00000000        DCD              PendSV_Handler ; PendSV Handler
                                                            
   74 0000003C 00000000        DCD              SysTick_Handler 
                                                            ; SysTick Handler
   75 00000040         
   76 00000040         ; External Interrupts
   77 00000040 00000000        DCD              WDT_IRQHandler ; 16: Watchdog T
                                                            imer
   78 00000044 00000000        DCD              TIMER0_IRQHandler ; 17: Timer0
   79 00000048 00000000        DCD              TIMER1_IRQHandler ; 18: Timer1
   80 0000004C 00000000        DCD              TIMER2_IRQHandler ; 19: Timer2
   81 00000050 00000000        DCD              TIMER3_IRQHandler ; 20: Timer3
   82 00000054 00000000        DCD              UART0_IRQHandler ; 21: UART0
   83 00000058 00000000        DCD              UART1_IRQHandler ; 22: UART1
   84 0000005C 00000000        DCD              UART2_IRQHandler ; 23: UART2
   85 00000060 00000000        DCD              UART3_IRQHandler ; 24: UART3



ARM Macro Assembler    Page 3 


   86 00000064 00000000        DCD              PWM1_IRQHandler ; 25: PWM1
   87 00000068 00000000        DCD              I2C0_IRQHandler ; 26: I2C0
   88 0000006C 00000000        DCD              I2C1_IRQHandler ; 27: I2C1
   89 00000070 00000000        DCD              I2C2_IRQHandler ; 28: I2C2
   90 00000074 00000000        DCD              SPI_IRQHandler ; 29: SPI
   91 00000078 00000000        DCD              SSP0_IRQHandler ; 30: SSP0
   92 0000007C 00000000        DCD              SSP1_IRQHandler ; 31: SSP1
   93 00000080 00000000        DCD              PLL0_IRQHandler ; 32: PLL0 Lock
                                                             (Main PLL)
   94 00000084 00000000        DCD              RTC_IRQHandler ; 33: Real Time 
                                                            Clock
   95 00000088 00000000        DCD              EINT0_IRQHandler ; 34: External
                                                             Interrupt 0
   96 0000008C 00000000        DCD              EINT1_IRQHandler ; 35: External
                                                             Interrupt 1
   97 00000090 00000000        DCD              EINT2_IRQHandler ; 36: External
                                                             Interrupt 2
   98 00000094 00000000        DCD              EINT3_IRQHandler ; 37: External
                                                             Interrupt 3
   99 00000098 00000000        DCD              ADC_IRQHandler 
                                                            ; 38: A/D Converter
                                                            
  100 0000009C 00000000        DCD              BOD_IRQHandler ; 39: Brown-Out 
                                                            Detect
  101 000000A0 00000000        DCD              USB_IRQHandler ; 40: USB
  102 000000A4 00000000        DCD              CAN_IRQHandler ; 41: CAN
  103 000000A8 00000000        DCD              DMA_IRQHandler ; 42: General Pu
                                                            rpose DMA
  104 000000AC 00000000        DCD              I2S_IRQHandler ; 43: I2S
  105 000000B0 00000000        DCD              ENET_IRQHandler ; 44: Ethernet
  106 000000B4 00000000        DCD              RIT_IRQHandler ; 45: Repetitive
                                                             Interrupt Timer
  107 000000B8 00000000        DCD              MCPWM_IRQHandler ; 46: Motor Co
                                                            ntrol PWM
  108 000000BC 00000000        DCD              QEI_IRQHandler ; 47: Quadrature
                                                             Encoder Interface
  109 000000C0 00000000        DCD              PLL1_IRQHandler ; 48: PLL1 Lock
                                                             (USB PLL)
  110 000000C4 00000000        DCD              USBActivity_IRQHandler ; 49: US
                                                            B Activity interrup
                                                            t to wakeup
  111 000000C8 00000000        DCD              CANActivity_IRQHandler ; 50: CA
                                                            N Activity interrup
                                                            t to wakeup
  112 000000CC         
  113 000000CC         
  114 000000CC                 IF               :LNOT::DEF:NO_CRP
  115 000000CC                 AREA             |.ARM.__at_0x02FC|, CODE, READO
NLY
  116 00000000 FFFFFFFF 
                       CRP_Key DCD              0xFFFFFFFF
  117 00000004                 ENDIF
  118 00000004         
  119 00000004         
  120 00000004        2 
                       var     RN               2
  121 00000004         
  122 00000004                 AREA             |.text|, CODE, READONLY
  123 00000000         



ARM Macro Assembler    Page 4 


  124 00000000 00000001 
              0000001E 
              00000002 
              00000046 
              00000003 
              000000C8 
              00000004 
              0000002A 
              00000005 
              00000051 Ingredient_calories
                               DCD              0x01, 30, 0x02, 70, 0x03, 200, 
0x04, 42, 0x05, 81
  125 00000028 00000006 
              00000014         DCD              0x06, 20
  126 00000030         
  127 00000030 00000002 
              00000032 
              00000005 
              00000003 
              00000003 
              0000000A 
              00000001 
              00000005 
              00000004 Ingredient_quantity
                               DCD              0x02, 50, 0x05, 3, 0x03, 10, 0x
01, 5, 0x04
  128 00000054 00000008 
              00000006 
              0000001E         DCD              8, 0x06, 30
  129 00000060         
  130 00000060 06      Num_ingredients
                               DCB              6
  131 00000061         
  132 00000061 00 00 00        ALIGN
  133 00000064         
  134 00000064         ; Reset Handler
  135 00000064         
  136 00000064         Reset_Handler
                               PROC
  137 00000064                 EXPORT           Reset_Handler             [WEAK
]
  138 00000064         
  139 00000064 4814            LDR              r0, =Num_ingredients
  140 00000066 4915            LDR              r1, =Ingredient_calories
  141 00000068 4A15            ldr              R2, =Ingredient_quantity
  142 0000006A         
  143 0000006A F04F 0A00       mov              r10, #0x0   ; exit condition
  144 0000006E F890 C000       ldrb             r12, [r0]
  145 00000072         
  146 00000072 45E2    loop    CMP              r10, r12    ; exit?
  147 00000074 D011            beq              stop
  148 00000076         
  149 00000076 E9D1 4500       ldrd             r4, r5, [r1]
  150 0000007A E9D2 6700       ldrd             r6, r7, [r2]
  151 0000007E         
  152 0000007E 42B4            CMP              r4, r6      ; compare the label
                                                            s
  153 00000080         
  154 00000080 BF01 FB05 



ARM Macro Assembler    Page 5 


              F807             muleq            r8, r5, r7  ;multiply
  155 00000086 44C3            addeq            r11, r11, r8 ;store for the tot
                                                            al sum
  156 00000088 3108            addeq            r1, r1, #8  ; go ahead on the f
                                                            irst array
  157 0000008A 4A0D            ldreq            r2, =Ingredient_quantity ; rese
                                                            t the pointer to th
                                                            e second array
  158 0000008C BF08 F10A 
              0A01             addeq            r10, r10, #1 ; update the itera
                                                            tion number
  159 00000092 D0EE            beq              loop
  160 00000094         
  161 00000094 BF18 3208       addne            r2, r2, #8  ; go ahead on the s
                                                            econd array
  162 00000098 D1EB            bne              loop
  163 0000009A         
  164 0000009A         
  165 0000009A 480A    stop    LDR              R0, =stop
  166 0000009C 4700            BX               R0
  167 0000009E                 ENDP
  168 0000009E         
  169 0000009E         
  170 0000009E         ; Dummy Exception Handlers (infinite loops which can be 
                       modified)
  171 0000009E         
  172 0000009E         NMI_Handler
                               PROC
  173 0000009E                 EXPORT           NMI_Handler               [WEAK
]
  174 0000009E E7FE            B                .
  175 000000A0                 ENDP
  177 000000A0         HardFault_Handler
                               PROC
  178 000000A0                 EXPORT           HardFault_Handler         [WEAK
]
  179 000000A0         ; your code
  180 000000A0 F040 0001       orr              r0,r0,#1
  181 000000A4 4700            BX               r0
  182 000000A6                 ENDP
  184 000000A6         MemManage_Handler
                               PROC
  185 000000A6                 EXPORT           MemManage_Handler         [WEAK
]
  186 000000A6 E7FE            B                .
  187 000000A8                 ENDP
  189 000000A8         BusFault_Handler
                               PROC
  190 000000A8                 EXPORT           BusFault_Handler          [WEAK
]
  191 000000A8 E7FE            B                .
  192 000000AA                 ENDP
  194 000000AA         UsageFault_Handler
                               PROC
  195 000000AA                 EXPORT           UsageFault_Handler        [WEAK
]
  196 000000AA E7FE            B                .
  197 000000AC                 ENDP
  198 000000AC         SVC_Handler



ARM Macro Assembler    Page 6 


                               PROC
  199 000000AC                 EXPORT           SVC_Handler               [WEAK
]
  200 000000AC E7FE            B                .
  201 000000AE                 ENDP
  203 000000AE         DebugMon_Handler
                               PROC
  204 000000AE                 EXPORT           DebugMon_Handler          [WEAK
]
  205 000000AE E7FE            B                .
  206 000000B0                 ENDP
  207 000000B0         PendSV_Handler
                               PROC
  208 000000B0                 EXPORT           PendSV_Handler            [WEAK
]
  209 000000B0 E7FE            B                .
  210 000000B2                 ENDP
  211 000000B2         SysTick_Handler
                               PROC
  212 000000B2                 EXPORT           SysTick_Handler           [WEAK
]
  213 000000B2 E7FE            B                .
  214 000000B4                 ENDP
  215 000000B4         
  216 000000B4         Default_Handler
                               PROC
  217 000000B4         
  218 000000B4                 EXPORT           WDT_IRQHandler            [WEAK
]
  219 000000B4                 EXPORT           TIMER0_IRQHandler         [WEAK
]
  220 000000B4                 EXPORT           TIMER1_IRQHandler         [WEAK
]
  221 000000B4                 EXPORT           TIMER2_IRQHandler         [WEAK
]
  222 000000B4                 EXPORT           TIMER3_IRQHandler         [WEAK
]
  223 000000B4                 EXPORT           UART0_IRQHandler          [WEAK
]
  224 000000B4                 EXPORT           UART1_IRQHandler          [WEAK
]
  225 000000B4                 EXPORT           UART2_IRQHandler          [WEAK
]
  226 000000B4                 EXPORT           UART3_IRQHandler          [WEAK
]
  227 000000B4                 EXPORT           PWM1_IRQHandler           [WEAK
]
  228 000000B4                 EXPORT           I2C0_IRQHandler           [WEAK
]
  229 000000B4                 EXPORT           I2C1_IRQHandler           [WEAK
]
  230 000000B4                 EXPORT           I2C2_IRQHandler           [WEAK
]
  231 000000B4                 EXPORT           SPI_IRQHandler            [WEAK
]
  232 000000B4                 EXPORT           SSP0_IRQHandler           [WEAK
]
  233 000000B4                 EXPORT           SSP1_IRQHandler           [WEAK
]



ARM Macro Assembler    Page 7 


  234 000000B4                 EXPORT           PLL0_IRQHandler           [WEAK
]
  235 000000B4                 EXPORT           RTC_IRQHandler            [WEAK
]
  236 000000B4                 EXPORT           EINT0_IRQHandler          [WEAK
]
  237 000000B4                 EXPORT           EINT1_IRQHandler          [WEAK
]
  238 000000B4                 EXPORT           EINT2_IRQHandler          [WEAK
]
  239 000000B4                 EXPORT           EINT3_IRQHandler          [WEAK
]
  240 000000B4                 EXPORT           ADC_IRQHandler            [WEAK
]
  241 000000B4                 EXPORT           BOD_IRQHandler            [WEAK
]
  242 000000B4                 EXPORT           USB_IRQHandler            [WEAK
]
  243 000000B4                 EXPORT           CAN_IRQHandler            [WEAK
]
  244 000000B4                 EXPORT           DMA_IRQHandler            [WEAK
]
  245 000000B4                 EXPORT           I2S_IRQHandler            [WEAK
]
  246 000000B4                 EXPORT           ENET_IRQHandler           [WEAK
]
  247 000000B4                 EXPORT           RIT_IRQHandler            [WEAK
]
  248 000000B4                 EXPORT           MCPWM_IRQHandler          [WEAK
]
  249 000000B4                 EXPORT           QEI_IRQHandler            [WEAK
]
  250 000000B4                 EXPORT           PLL1_IRQHandler           [WEAK
]
  251 000000B4                 EXPORT           USBActivity_IRQHandler    [WEAK
]
  252 000000B4                 EXPORT           CANActivity_IRQHandler    [WEAK
]
  253 000000B4         
  254 000000B4         WDT_IRQHandler
  255 000000B4         TIMER0_IRQHandler
  256 000000B4         TIMER1_IRQHandler
  257 000000B4         TIMER2_IRQHandler
  258 000000B4         TIMER3_IRQHandler
  259 000000B4         UART0_IRQHandler
  260 000000B4         UART1_IRQHandler
  261 000000B4         UART2_IRQHandler
  262 000000B4         UART3_IRQHandler
  263 000000B4         PWM1_IRQHandler
  264 000000B4         I2C0_IRQHandler
  265 000000B4         I2C1_IRQHandler
  266 000000B4         I2C2_IRQHandler
  267 000000B4         SPI_IRQHandler
  268 000000B4         SSP0_IRQHandler
  269 000000B4         SSP1_IRQHandler
  270 000000B4         PLL0_IRQHandler
  271 000000B4         RTC_IRQHandler
  272 000000B4         EINT0_IRQHandler
  273 000000B4         EINT1_IRQHandler



ARM Macro Assembler    Page 8 


  274 000000B4         EINT2_IRQHandler
  275 000000B4         EINT3_IRQHandler
  276 000000B4         ADC_IRQHandler
  277 000000B4         BOD_IRQHandler
  278 000000B4         USB_IRQHandler
  279 000000B4         CAN_IRQHandler
  280 000000B4         DMA_IRQHandler
  281 000000B4         I2S_IRQHandler
  282 000000B4         ENET_IRQHandler
  283 000000B4         RIT_IRQHandler
  284 000000B4         MCPWM_IRQHandler
  285 000000B4         QEI_IRQHandler
  286 000000B4         PLL1_IRQHandler
  287 000000B4         USBActivity_IRQHandler
  288 000000B4         CANActivity_IRQHandler
  289 000000B4         
  290 000000B4 E7FE            B                .
  291 000000B6         
  292 000000B6                 ENDP
  293 000000B6         
  294 000000B6         
  295 000000B6 00 00           ALIGN
  296 000000B8         
  297 000000B8         
  298 000000B8         ; User Initial Stack & Heap
  299 000000B8         
  300 000000B8                 EXPORT           __initial_sp
  301 000000B8                 EXPORT           __heap_base
  302 000000B8                 EXPORT           __heap_limit
  303 000000B8         
  304 000000B8                 END
              00000000 
              00000000 
              00000000 
              00000000 
Command Line: --debug --xref --diag_suppress=9931 --cpu=Cortex-M3 --apcs=interw
ork --depend=.\startup.d -o.\startup.o -I.\RTE\_Target_1 -IC:\Users\Kevin\AppDa
ta\Local\Arm\Packs\ARM\CMSIS\5.9.0\CMSIS\Core\Include -IC:\Users\Kevin\AppData\
Local\Arm\Packs\Keil\LPC1700_DFP\2.7.1\Device\Include --predefine="__EVAL SETA 
1" --predefine="__UVISION_VERSION SETA 537" --predefine="_RTE_ SETA 1" --predef
ine="LPC175x_6x SETA 1" --predefine="_RTE_ SETA 1" --list=.\startup.lst startup
.s



ARM Macro Assembler    Page 1 Alphabetic symbol ordering
Relocatable symbols

STACK 00000000

Symbol: STACK
   Definitions
      At line 33 in file startup.s
   Uses
      None
Comment: STACK unused
Stack_Mem 00000000

Symbol: Stack_Mem
   Definitions
      At line 34 in file startup.s
   Uses
      None
Comment: Stack_Mem unused
__initial_sp 00000200

Symbol: __initial_sp
   Definitions
      At line 35 in file startup.s
   Uses
      At line 59 in file startup.s
      At line 300 in file startup.s

3 symbols



ARM Macro Assembler    Page 1 Alphabetic symbol ordering
Relocatable symbols

HEAP 00000000

Symbol: HEAP
   Definitions
      At line 44 in file startup.s
   Uses
      None
Comment: HEAP unused
Heap_Mem 00000000

Symbol: Heap_Mem
   Definitions
      At line 46 in file startup.s
   Uses
      None
Comment: Heap_Mem unused
__heap_base 00000000

Symbol: __heap_base
   Definitions
      At line 45 in file startup.s
   Uses
      At line 301 in file startup.s
Comment: __heap_base used once
__heap_limit 00000200

Symbol: __heap_limit
   Definitions
      At line 47 in file startup.s
   Uses
      At line 302 in file startup.s
Comment: __heap_limit used once
4 symbols



ARM Macro Assembler    Page 1 Alphabetic symbol ordering
Relocatable symbols

RESET 00000000

Symbol: RESET
   Definitions
      At line 56 in file startup.s
   Uses
      None
Comment: RESET unused
__Vectors 00000000

Symbol: __Vectors
   Definitions
      At line 59 in file startup.s
   Uses
      At line 57 in file startup.s
Comment: __Vectors used once
2 symbols



ARM Macro Assembler    Page 1 Alphabetic symbol ordering
Relocatable symbols

.ARM.__at_0x02FC 00000000

Symbol: .ARM.__at_0x02FC
   Definitions
      At line 115 in file startup.s
   Uses
      None
Comment: .ARM.__at_0x02FC unused
CRP_Key 00000000

Symbol: CRP_Key
   Definitions
      At line 116 in file startup.s
   Uses
      None
Comment: CRP_Key unused
2 symbols



ARM Macro Assembler    Page 1 Alphabetic symbol ordering
Relocatable symbols

.text 00000000

Symbol: .text
   Definitions
      At line 122 in file startup.s
   Uses
      None
Comment: .text unused
ADC_IRQHandler 000000B4

Symbol: ADC_IRQHandler
   Definitions
      At line 276 in file startup.s
   Uses
      At line 99 in file startup.s
      At line 240 in file startup.s

BOD_IRQHandler 000000B4

Symbol: BOD_IRQHandler
   Definitions
      At line 277 in file startup.s
   Uses
      At line 100 in file startup.s
      At line 241 in file startup.s

BusFault_Handler 000000A8

Symbol: BusFault_Handler
   Definitions
      At line 189 in file startup.s
   Uses
      At line 64 in file startup.s
      At line 190 in file startup.s

CANActivity_IRQHandler 000000B4

Symbol: CANActivity_IRQHandler
   Definitions
      At line 288 in file startup.s
   Uses
      At line 111 in file startup.s
      At line 252 in file startup.s

CAN_IRQHandler 000000B4

Symbol: CAN_IRQHandler
   Definitions
      At line 279 in file startup.s
   Uses
      At line 102 in file startup.s
      At line 243 in file startup.s

DMA_IRQHandler 000000B4

Symbol: DMA_IRQHandler
   Definitions
      At line 280 in file startup.s
   Uses



ARM Macro Assembler    Page 2 Alphabetic symbol ordering
Relocatable symbols

      At line 103 in file startup.s
      At line 244 in file startup.s

DebugMon_Handler 000000AE

Symbol: DebugMon_Handler
   Definitions
      At line 203 in file startup.s
   Uses
      At line 71 in file startup.s
      At line 204 in file startup.s

Default_Handler 000000B4

Symbol: Default_Handler
   Definitions
      At line 216 in file startup.s
   Uses
      None
Comment: Default_Handler unused
EINT0_IRQHandler 000000B4

Symbol: EINT0_IRQHandler
   Definitions
      At line 272 in file startup.s
   Uses
      At line 95 in file startup.s
      At line 236 in file startup.s

EINT1_IRQHandler 000000B4

Symbol: EINT1_IRQHandler
   Definitions
      At line 273 in file startup.s
   Uses
      At line 96 in file startup.s
      At line 237 in file startup.s

EINT2_IRQHandler 000000B4

Symbol: EINT2_IRQHandler
   Definitions
      At line 274 in file startup.s
   Uses
      At line 97 in file startup.s
      At line 238 in file startup.s

EINT3_IRQHandler 000000B4

Symbol: EINT3_IRQHandler
   Definitions
      At line 275 in file startup.s
   Uses
      At line 98 in file startup.s
      At line 239 in file startup.s

ENET_IRQHandler 000000B4

Symbol: ENET_IRQHandler



ARM Macro Assembler    Page 3 Alphabetic symbol ordering
Relocatable symbols

   Definitions
      At line 282 in file startup.s
   Uses
      At line 105 in file startup.s
      At line 246 in file startup.s

HardFault_Handler 000000A0

Symbol: HardFault_Handler
   Definitions
      At line 177 in file startup.s
   Uses
      At line 62 in file startup.s
      At line 178 in file startup.s

I2C0_IRQHandler 000000B4

Symbol: I2C0_IRQHandler
   Definitions
      At line 264 in file startup.s
   Uses
      At line 87 in file startup.s
      At line 228 in file startup.s

I2C1_IRQHandler 000000B4

Symbol: I2C1_IRQHandler
   Definitions
      At line 265 in file startup.s
   Uses
      At line 88 in file startup.s
      At line 229 in file startup.s

I2C2_IRQHandler 000000B4

Symbol: I2C2_IRQHandler
   Definitions
      At line 266 in file startup.s
   Uses
      At line 89 in file startup.s
      At line 230 in file startup.s

I2S_IRQHandler 000000B4

Symbol: I2S_IRQHandler
   Definitions
      At line 281 in file startup.s
   Uses
      At line 104 in file startup.s
      At line 245 in file startup.s

Ingredient_calories 00000000

Symbol: Ingredient_calories
   Definitions
      At line 124 in file startup.s
   Uses
      At line 140 in file startup.s
Comment: Ingredient_calories used once



ARM Macro Assembler    Page 4 Alphabetic symbol ordering
Relocatable symbols

Ingredient_quantity 00000030

Symbol: Ingredient_quantity
   Definitions
      At line 127 in file startup.s
   Uses
      At line 141 in file startup.s
      At line 157 in file startup.s

MCPWM_IRQHandler 000000B4

Symbol: MCPWM_IRQHandler
   Definitions
      At line 284 in file startup.s
   Uses
      At line 107 in file startup.s
      At line 248 in file startup.s

MemManage_Handler 000000A6

Symbol: MemManage_Handler
   Definitions
      At line 184 in file startup.s
   Uses
      At line 63 in file startup.s
      At line 185 in file startup.s

NMI_Handler 0000009E

Symbol: NMI_Handler
   Definitions
      At line 172 in file startup.s
   Uses
      At line 61 in file startup.s
      At line 173 in file startup.s

Num_ingredients 00000060

Symbol: Num_ingredients
   Definitions
      At line 130 in file startup.s
   Uses
      At line 139 in file startup.s
Comment: Num_ingredients used once
PLL0_IRQHandler 000000B4

Symbol: PLL0_IRQHandler
   Definitions
      At line 270 in file startup.s
   Uses
      At line 93 in file startup.s
      At line 234 in file startup.s

PLL1_IRQHandler 000000B4

Symbol: PLL1_IRQHandler
   Definitions
      At line 286 in file startup.s
   Uses



ARM Macro Assembler    Page 5 Alphabetic symbol ordering
Relocatable symbols

      At line 109 in file startup.s
      At line 250 in file startup.s

PWM1_IRQHandler 000000B4

Symbol: PWM1_IRQHandler
   Definitions
      At line 263 in file startup.s
   Uses
      At line 86 in file startup.s
      At line 227 in file startup.s

PendSV_Handler 000000B0

Symbol: PendSV_Handler
   Definitions
      At line 207 in file startup.s
   Uses
      At line 73 in file startup.s
      At line 208 in file startup.s

QEI_IRQHandler 000000B4

Symbol: QEI_IRQHandler
   Definitions
      At line 285 in file startup.s
   Uses
      At line 108 in file startup.s
      At line 249 in file startup.s

RIT_IRQHandler 000000B4

Symbol: RIT_IRQHandler
   Definitions
      At line 283 in file startup.s
   Uses
      At line 106 in file startup.s
      At line 247 in file startup.s

RTC_IRQHandler 000000B4

Symbol: RTC_IRQHandler
   Definitions
      At line 271 in file startup.s
   Uses
      At line 94 in file startup.s
      At line 235 in file startup.s

Reset_Handler 00000064

Symbol: Reset_Handler
   Definitions
      At line 136 in file startup.s
   Uses
      At line 60 in file startup.s
      At line 137 in file startup.s

SPI_IRQHandler 000000B4




ARM Macro Assembler    Page 6 Alphabetic symbol ordering
Relocatable symbols

Symbol: SPI_IRQHandler
   Definitions
      At line 267 in file startup.s
   Uses
      At line 90 in file startup.s
      At line 231 in file startup.s

SSP0_IRQHandler 000000B4

Symbol: SSP0_IRQHandler
   Definitions
      At line 268 in file startup.s
   Uses
      At line 91 in file startup.s
      At line 232 in file startup.s

SSP1_IRQHandler 000000B4

Symbol: SSP1_IRQHandler
   Definitions
      At line 269 in file startup.s
   Uses
      At line 92 in file startup.s
      At line 233 in file startup.s

SVC_Handler 000000AC

Symbol: SVC_Handler
   Definitions
      At line 198 in file startup.s
   Uses
      At line 70 in file startup.s
      At line 199 in file startup.s

SysTick_Handler 000000B2

Symbol: SysTick_Handler
   Definitions
      At line 211 in file startup.s
   Uses
      At line 74 in file startup.s
      At line 212 in file startup.s

TIMER0_IRQHandler 000000B4

Symbol: TIMER0_IRQHandler
   Definitions
      At line 255 in file startup.s
   Uses
      At line 78 in file startup.s
      At line 219 in file startup.s

TIMER1_IRQHandler 000000B4

Symbol: TIMER1_IRQHandler
   Definitions
      At line 256 in file startup.s
   Uses
      At line 79 in file startup.s



ARM Macro Assembler    Page 7 Alphabetic symbol ordering
Relocatable symbols

      At line 220 in file startup.s

TIMER2_IRQHandler 000000B4

Symbol: TIMER2_IRQHandler
   Definitions
      At line 257 in file startup.s
   Uses
      At line 80 in file startup.s
      At line 221 in file startup.s

TIMER3_IRQHandler 000000B4

Symbol: TIMER3_IRQHandler
   Definitions
      At line 258 in file startup.s
   Uses
      At line 81 in file startup.s
      At line 222 in file startup.s

UART0_IRQHandler 000000B4

Symbol: UART0_IRQHandler
   Definitions
      At line 259 in file startup.s
   Uses
      At line 82 in file startup.s
      At line 223 in file startup.s

UART1_IRQHandler 000000B4

Symbol: UART1_IRQHandler
   Definitions
      At line 260 in file startup.s
   Uses
      At line 83 in file startup.s
      At line 224 in file startup.s

UART2_IRQHandler 000000B4

Symbol: UART2_IRQHandler
   Definitions
      At line 261 in file startup.s
   Uses
      At line 84 in file startup.s
      At line 225 in file startup.s

UART3_IRQHandler 000000B4

Symbol: UART3_IRQHandler
   Definitions
      At line 262 in file startup.s
   Uses
      At line 85 in file startup.s
      At line 226 in file startup.s

USBActivity_IRQHandler 000000B4

Symbol: USBActivity_IRQHandler



ARM Macro Assembler    Page 8 Alphabetic symbol ordering
Relocatable symbols

   Definitions
      At line 287 in file startup.s
   Uses
      At line 110 in file startup.s
      At line 251 in file startup.s

USB_IRQHandler 000000B4

Symbol: USB_IRQHandler
   Definitions
      At line 278 in file startup.s
   Uses
      At line 101 in file startup.s
      At line 242 in file startup.s

UsageFault_Handler 000000AA

Symbol: UsageFault_Handler
   Definitions
      At line 194 in file startup.s
   Uses
      At line 65 in file startup.s
      At line 195 in file startup.s

WDT_IRQHandler 000000B4

Symbol: WDT_IRQHandler
   Definitions
      At line 254 in file startup.s
   Uses
      At line 77 in file startup.s
      At line 218 in file startup.s

loop 00000072

Symbol: loop
   Definitions
      At line 146 in file startup.s
   Uses
      At line 159 in file startup.s
      At line 162 in file startup.s

stop 0000009A

Symbol: stop
   Definitions
      At line 165 in file startup.s
   Uses
      At line 147 in file startup.s
      At line 165 in file startup.s

52 symbols



ARM Macro Assembler    Page 1 Alphabetic symbol ordering
Absolute symbols

Heap_Size 00000200

Symbol: Heap_Size
   Definitions
      At line 42 in file startup.s
   Uses
      At line 46 in file startup.s
Comment: Heap_Size used once
Stack_Size 00000200

Symbol: Stack_Size
   Definitions
      At line 31 in file startup.s
   Uses
      At line 34 in file startup.s
Comment: Stack_Size used once
2 symbols
404 symbols in table
