


ARM Macro Assembler    Page 1 


    1 00000000         ;/******************************************************
                       ********************//**
    2 00000000         ; * @file     startup_LPC17xx.s
    3 00000000         ; * @brief    CMSIS Cortex-M3 Core Device Startup File f
                       or
    4 00000000         ; *           NXP LPC17xx Device Series
    5 00000000         ; * @version  V1.10
    6 00000000         ; * @date     06. April 2011
    7 00000000         ; *
    8 00000000         ; * @note
    9 00000000         ; * Copyright (C) 2009-2011 ARM Limited. All rights rese
                       rved.
   10 00000000         ; *
   11 00000000         ; * @par
   12 00000000         ; * ARM Limited (ARM) is supplying this software for use
                        with Cortex-M
   13 00000000         ; * processor based microcontrollers.  This file can be 
                       freely distributed
   14 00000000         ; * within development tools that are supporting such AR
                       M based processors.
   15 00000000         ; *
   16 00000000         ; * @par
   17 00000000         ; * THIS SOFTWARE IS PROVIDED "AS IS".  NO WARRANTIES, W
                       HETHER EXPRESS, IMPLIED
   18 00000000         ; * OR STATUTORY, INCLUDING, BUT NOT LIMITED TO, IMPLIED
                        WARRANTIES OF
   19 00000000         ; * MERCHANTABILITY AND FITNESS FOR A PARTICULAR PURPOSE
                        APPLY TO THIS SOFTWARE.
   20 00000000         ; * ARM SHALL NOT, IN ANY CIRCUMSTANCES, BE LIABLE FOR S
                       PECIAL, INCIDENTAL, OR
   21 00000000         ; * CONSEQUENTIAL DAMAGES, FOR ANY REASON WHATSOEVER.
   22 00000000         ; *
   23 00000000         ; ******************************************************
                       ************************/
   24 00000000         
   25 00000000         ; *------- <<< Use Configuration Wizard in Context Menu 
                       >>> ------------------
   26 00000000         
   27 00000000         ; <h> Stack Configuration
   28 00000000         ;   <o> Stack Size (in Bytes) <0x0-0xFFFFFFFF:8>
   29 00000000         ; </h>
   30 00000000         
   31 00000000 00000200 
                       Stack_Size
                               EQU              0x00000200
   32 00000000         
   33 00000000                 AREA             STACK, NOINIT, READWRITE, ALIGN
=3
   34 00000000                 SPACE            Stack_Size/2
   35 00000100         Stack_Mem
                               SPACE            Stack_Size/2
   36 00000200         __initial_sp
   37 00000200         
   38 00000200         
   39 00000200         ; <h> Heap Configuration
   40 00000200         ;   <o>  Heap Size (in Bytes) <0x0-0xFFFFFFFF:8>
   41 00000200         ; </h>
   42 00000200         
   43 00000200 00000000 



ARM Macro Assembler    Page 2 


                       Heap_Size
                               EQU              0x00000000
   44 00000200         
   45 00000200                 AREA             HEAP, NOINIT, READWRITE, ALIGN=
3
   46 00000000         __heap_base
   47 00000000         Heap_Mem
                               SPACE            Heap_Size
   48 00000000         __heap_limit
   49 00000000         
   50 00000000         
   51 00000000                 PRESERVE8
   52 00000000                 THUMB
   53 00000000         
   54 00000000         
   55 00000000         ; Vector Table Mapped to Address 0 at Reset
   56 00000000         
   57 00000000                 AREA             RESET, DATA, READONLY
   58 00000000                 EXPORT           __Vectors
   59 00000000         
   60 00000000 00000000 
                       __Vectors
                               DCD              __initial_sp ; Top of Stack
   61 00000004 00000000        DCD              Reset_Handler ; Reset Handler
   62 00000008 00000000        DCD              NMI_Handler ; NMI Handler
   63 0000000C 00000000        DCD              HardFault_Handler ; Hard Fault 
                                                            Handler
   64 00000010 00000000        DCD              MemManage_Handler 
                                                            ; MPU Fault Handler
                                                            
   65 00000014 00000000        DCD              BusFault_Handler 
                                                            ; Bus Fault Handler
                                                            
   66 00000018 00000000        DCD              UsageFault_Handler ; Usage Faul
                                                            t Handler
   67 0000001C 00000000        DCD              0           ; Reserved
   68 00000020 00000000        DCD              0           ; Reserved
   69 00000024 00000000        DCD              0           ; Reserved
   70 00000028 00000000        DCD              0           ; Reserved
   71 0000002C 00000000        DCD              SVC_Handler ; SVCall Handler
   72 00000030 00000000        DCD              DebugMon_Handler ; Debug Monito
                                                            r Handler
   73 00000034 00000000        DCD              0           ; Reserved
   74 00000038 00000000        DCD              PendSV_Handler ; PendSV Handler
                                                            
   75 0000003C 00000000        DCD              SysTick_Handler 
                                                            ; SysTick Handler
   76 00000040         
   77 00000040         ; External Interrupts
   78 00000040 00000000        DCD              WDT_IRQHandler ; 16: Watchdog T
                                                            imer
   79 00000044 00000000        DCD              TIMER0_IRQHandler ; 17: Timer0
   80 00000048 00000000        DCD              TIMER1_IRQHandler ; 18: Timer1
   81 0000004C 00000000        DCD              TIMER2_IRQHandler ; 19: Timer2
   82 00000050 00000000        DCD              TIMER3_IRQHandler ; 20: Timer3
   83 00000054 00000000        DCD              UART0_IRQHandler ; 21: UART0
   84 00000058 00000000        DCD              UART1_IRQHandler ; 22: UART1
   85 0000005C 00000000        DCD              UART2_IRQHandler ; 23: UART2
   86 00000060 00000000        DCD              UART3_IRQHandler ; 24: UART3



ARM Macro Assembler    Page 3 


   87 00000064 00000000        DCD              PWM1_IRQHandler ; 25: PWM1
   88 00000068 00000000        DCD              I2C0_IRQHandler ; 26: I2C0
   89 0000006C 00000000        DCD              I2C1_IRQHandler ; 27: I2C1
   90 00000070 00000000        DCD              I2C2_IRQHandler ; 28: I2C2
   91 00000074 00000000        DCD              SPI_IRQHandler ; 29: SPI
   92 00000078 00000000        DCD              SSP0_IRQHandler ; 30: SSP0
   93 0000007C 00000000        DCD              SSP1_IRQHandler ; 31: SSP1
   94 00000080 00000000        DCD              PLL0_IRQHandler ; 32: PLL0 Lock
                                                             (Main PLL)
   95 00000084 00000000        DCD              RTC_IRQHandler ; 33: Real Time 
                                                            Clock
   96 00000088 00000000        DCD              EINT0_IRQHandler ; 34: External
                                                             Interrupt 0
   97 0000008C 00000000        DCD              EINT1_IRQHandler ; 35: External
                                                             Interrupt 1
   98 00000090 00000000        DCD              EINT2_IRQHandler ; 36: External
                                                             Interrupt 2
   99 00000094 00000000        DCD              EINT3_IRQHandler ; 37: External
                                                             Interrupt 3
  100 00000098 00000000        DCD              ADC_IRQHandler 
                                                            ; 38: A/D Converter
                                                            
  101 0000009C 00000000        DCD              BOD_IRQHandler ; 39: Brown-Out 
                                                            Detect
  102 000000A0 00000000        DCD              USB_IRQHandler ; 40: USB
  103 000000A4 00000000        DCD              CAN_IRQHandler ; 41: CAN
  104 000000A8 00000000        DCD              DMA_IRQHandler ; 42: General Pu
                                                            rpose DMA
  105 000000AC 00000000        DCD              I2S_IRQHandler ; 43: I2S
  106 000000B0 00000000        DCD              ENET_IRQHandler ; 44: Ethernet
  107 000000B4 00000000        DCD              RIT_IRQHandler ; 45: Repetitive
                                                             Interrupt Timer
  108 000000B8 00000000        DCD              MCPWM_IRQHandler ; 46: Motor Co
                                                            ntrol PWM
  109 000000BC 00000000        DCD              QEI_IRQHandler ; 47: Quadrature
                                                             Encoder Interface
  110 000000C0 00000000        DCD              PLL1_IRQHandler ; 48: PLL1 Lock
                                                             (USB PLL)
  111 000000C4 00000000        DCD              USBActivity_IRQHandler ; 49: US
                                                            B Activity interrup
                                                            t to wakeup
  112 000000C8 00000000        DCD              CANActivity_IRQHandler ; 50: CA
                                                            N Activity interrup
                                                            t to wakeup
  113 000000CC         
  114 000000CC         
  115 000000CC                 IF               :LNOT::DEF:NO_CRP
  116 000000CC                 AREA             |.ARM.__at_0x02FC|, CODE, READO
NLY
  117 00000000 FFFFFFFF 
                       CRP_Key DCD              0xFFFFFFFF
  118 00000004                 ENDIF
  119 00000004         
  120 00000004                 AREA             data, DATA, READONLY, ALIGN=3
  121 00000000         
  122 00000000 FFFFFFFB 
              00000005 
              FFFFFFFC 
              00000005 



ARM Macro Assembler    Page 4 


              FFFFFFFD 
              00000005 
              FFFFFFFE 
              00000005 
              FFFFFFFF 
              00000005 
              00000000 
              00000005 
              00000001 
              00000005 
              00000002 
              00000005 
              00000003 
              00000005 
              00000004 
              00000005 
              00000005 
              00000005 Matrix_Coordinates
                               DCD              -5,5,-4,5,-3,5,-2,5,-1,5,0,5,1,
5,2,5,3,5,4,5,5,5
  123 00000058 FFFFFFFB 
              00000004 
              FFFFFFFC 
              00000004 
              FFFFFFFD 
              00000004 
              FFFFFFFE 
              00000004 
              FFFFFFFF 
              00000004 
              00000000 
              00000004 
              00000001 
              00000004 
              00000002 
              00000004 
              00000003 
              00000004 
              00000004 
              00000004 
              00000005 
              00000004         DCD              -5,4,-4,4,-3,4,-2,4,-1,4,0,4,1,
4,2,4,3,4,4,4,5,4
  124 000000B0 FFFFFFFB 
              00000003 
              FFFFFFFC 
              00000003 
              FFFFFFFD 
              00000003 
              FFFFFFFE 
              00000003 
              FFFFFFFF 
              00000003 
              00000000 
              00000003 
              00000001 
              00000003 
              00000002 
              00000003 



ARM Macro Assembler    Page 5 


              00000003 
              00000003 
              00000004 
              00000003 
              00000005 
              00000003         DCD              -5,3,-4,3,-3,3,-2,3,-1,3,0,3,1,
3,2,3,3,3,4,3,5,3
  125 00000108 FFFFFFFB 
              00000002 
              FFFFFFFC 
              00000002 
              FFFFFFFD 
              00000002 
              FFFFFFFE 
              00000002 
              FFFFFFFF 
              00000002 
              00000000 
              00000002 
              00000001 
              00000002 
              00000002 
              00000002 
              00000003 
              00000002 
              00000004 
              00000002 
              00000005 
              00000002         DCD              -5,2,-4,2,-3,2,-2,2,-1,2,0,2,1,
2,2,2,3,2,4,2,5,2
  126 00000160 FFFFFFFB 
              00000001 
              FFFFFFFC 
              00000001 
              FFFFFFFD 
              00000001 
              FFFFFFFE 
              00000001 
              FFFFFFFF 
              00000001 
              00000000 
              00000001 
              00000001 
              00000001 
              00000002 
              00000001 
              00000003 
              00000001 
              00000004 
              00000001 
              00000005 
              00000001         DCD              -5,1,-4,1,-3,1,-2,1,-1,1,0,1,1,
1,2,1,3,1,4,1,5,1
  127 000001B8 FFFFFFFB 
              00000000 
              FFFFFFFC 
              00000000 
              FFFFFFFD 
              00000000 



ARM Macro Assembler    Page 6 


              FFFFFFFE 
              00000000 
              FFFFFFFF 
              00000000 
              00000000 
              00000000 
              00000001 
              00000000 
              00000002 
              00000000 
              00000003 
              00000000 
              00000004 
              00000000 
              00000005 
              00000000         DCD              -5,0,-4,0,-3,0,-2,0,-1,0,0,0,1,
0,2,0,3,0,4,0,5,0
  128 00000210 FFFFFFFB 
              FFFFFFFF 
              FFFFFFFC 
              FFFFFFFF 
              FFFFFFFD 
              FFFFFFFF 
              FFFFFFFE 
              FFFFFFFF 
              FFFFFFFF 
              FFFFFFFF 
              00000000 
              FFFFFFFF 
              00000001 
              FFFFFFFF 
              00000002 
              FFFFFFFF 
              00000003 
              FFFFFFFF 
              00000004 
              FFFFFFFF 
              00000005 
              FFFFFFFF         DCD              -5,-1,-4,-1,-3,-1,-2,-1, -1,-1 
,0,-1,1,-1,2,-1,3,-1,4,-1,5,-1
  129 00000268 FFFFFFFB 
              FFFFFFFE 
              FFFFFFFC 
              FFFFFFFE 
              FFFFFFFD 
              FFFFFFFE 
              FFFFFFFE 
              FFFFFFFE 
              FFFFFFFF 
              FFFFFFFE 
              00000000 
              FFFFFFFE 
              00000001 
              FFFFFFFE 
              00000002 
              FFFFFFFE 
              00000003 
              FFFFFFFE 
              00000004 



ARM Macro Assembler    Page 7 


              FFFFFFFE 
              00000005 
              FFFFFFFE         DCD              -5,-2,-4,-2,-3,-2,-2,-2,-1,-2,0
,-2,1,-2,2,-2,3,-2,4,-2,5,-2
  130 000002C0 FFFFFFFB 
              FFFFFFFD 
              FFFFFFFC 
              FFFFFFFD 
              FFFFFFFD 
              FFFFFFFD 
              FFFFFFFE 
              FFFFFFFD 
              FFFFFFFF 
              FFFFFFFD 
              00000000 
              FFFFFFFD 
              00000001 
              FFFFFFFD 
              00000002 
              FFFFFFFD 
              00000003 
              FFFFFFFD 
              00000004 
              FFFFFFFD 
              00000005 
              FFFFFFFD         DCD              -5,-3,-4,-3,-3,-3,-2,-3,-1,-3,0
,-3,1,-3,2,-3,3,-3,4,-3,5,-3
  131 00000318 FFFFFFFB 
              FFFFFFFC 
              FFFFFFFC 
              FFFFFFFC 
              FFFFFFFD 
              FFFFFFFC 
              FFFFFFFE 
              FFFFFFFC 
              FFFFFFFF 
              FFFFFFFC 
              00000000 
              FFFFFFFC 
              00000001 
              FFFFFFFC 
              00000002 
              FFFFFFFC 
              00000003 
              FFFFFFFC 
              00000004 
              FFFFFFFC 
              00000005 
              FFFFFFFC         DCD              -5,-4,-4,-4,-3,-4,-2,-4,-1,-4,0
,-4,1,-4,2,-4,3,-4,4,-4,5,-4
  132 00000370 FFFFFFFB 
              FFFFFFFB 
              FFFFFFFC 
              FFFFFFFB 
              FFFFFFFD 
              FFFFFFFB 
              FFFFFFFE 
              FFFFFFFB 
              FFFFFFFF 



ARM Macro Assembler    Page 8 


              FFFFFFFB 
              00000000 
              FFFFFFFB 
              00000001 
              FFFFFFFB 
              00000002 
              FFFFFFFB 
              00000003 
              FFFFFFFB 
              00000004 
              FFFFFFFB 
              00000005 
              FFFFFFFB         DCD              -5,-5,-4,-5,-3,-5,-2,-5,-1,-5,0
,-5,1,-5,2,-5,3,-5,4,-5,5,-5
  133 000003C8 0B      ROWS    DCB              11
  134 000003C9 16      COLUMNS DCB              22
  135 000003CA         
  136 000003CA                 EXPORT           Matrix_Coordinates
  137 000003CA                 EXPORT           ROWS
  138 000003CA                 EXPORT           COLUMNS
  139 000003CA         
  140 000003CA         
  141 000003CA                 AREA             |.text|, CODE, READONLY
  142 00000000         
  143 00000000         
  144 00000000         ; Reset Handler
  145 00000000         
  146 00000000         Reset_Handler
                               PROC
  147 00000000                 EXPORT           Reset_Handler             [WEAK
]
  148 00000000         
  149 00000000 F04F 0003       MOV              R0, #3
  150 00000004 F380 8814       MSR              CONTROL, R0
  151 00000008 F8DF D06C       LDR              SP, =Stack_Mem
  152 0000000C         
  153 0000000C BF00            nop
  154 0000000E         
  155 0000000E                 IMPORT           __main
  156 0000000E 481B            LDR              R0, =__main
  157 00000010 4700            BX               R0
  158 00000012                 ENDP
  159 00000012         
  160 00000012         ; Dummy Exception Handlers (infinite loops which can be 
                       modified)
  161 00000012         
  162 00000012         NMI_Handler
                               PROC
  163 00000012                 EXPORT           NMI_Handler               [WEAK
]
  164 00000012 E7FE            B                .
  165 00000014                 ENDP
  167 00000014         HardFault_Handler
                               PROC
  168 00000014                 EXPORT           HardFault_Handler         [WEAK
]
  169 00000014 E7FE            B                .
  170 00000016                 ENDP
  172 00000016         MemManage_Handler



ARM Macro Assembler    Page 9 


                               PROC
  173 00000016                 EXPORT           MemManage_Handler         [WEAK
]
  174 00000016 E7FE            B                .
  175 00000018                 ENDP
  177 00000018         BusFault_Handler
                               PROC
  178 00000018                 EXPORT           BusFault_Handler          [WEAK
]
  179 00000018 E7FE            B                .
  180 0000001A                 ENDP
  182 0000001A         UsageFault_Handler
                               PROC
  183 0000001A                 EXPORT           UsageFault_Handler        [WEAK
]
  184 0000001A E7FE            B                .
  185 0000001C                 ENDP
  186 0000001C         SVC_Handler
                               PROC
  187 0000001C                 EXPORT           SVC_Handler               [WEAK
]
  188 0000001C         
  189 0000001C         ;switch to psp
  190 0000001C F3EF 8014       mrs              r0, control
  191 00000020 F040 0002       orr              r0, r0, #0x2
  192 00000024 F380 8814       msr              control, r0
  193 00000028         
  194 00000028 F04F 0000       mov              r0, #0      ;restore the regist
                                                            er for the signatur
                                                            e
  195 0000002C         
  196 0000002C         ;comptue signature
  197 0000002C EA80 0001       eor              r0, r0, r1
  198 00000030 EA80 0002       eor              r0, r0, r2
  199 00000034 EA80 0003       eor              r0, r0, r3
  200 00000038 EA80 0004       eor              r0, r0, r4
  201 0000003C EA80 0005       eor              r0, r0, r5
  202 00000040 EA80 0006       eor              r0, r0, r6
  203 00000044 EA80 0007       eor              r0, r0, r7
  204 00000048 EA80 0008       eor              r0, r0, r8
  205 0000004C EA80 0009       eor              r0, r0, r9
  206 00000050 EA80 000A       eor              r0, r0, r10
  207 00000054 EA80 000B       eor              r0, r0, r11
  208 00000058 EA80 000C       eor              r0, r0, r12
  209 0000005C EA80 000E       eor              r0, r0, lr
  210 00000060         
  211 00000060 B401            push             {r0}
  212 00000062         
  213 00000062                 ENDP
  215 00000062         DebugMon_Handler
                               PROC
  216 00000062                 EXPORT           DebugMon_Handler          [WEAK
]
  217 00000062 E7FE            B                .
  218 00000064                 ENDP
  219 00000064         PendSV_Handler
                               PROC
  220 00000064                 EXPORT           PendSV_Handler            [WEAK
]



ARM Macro Assembler    Page 10 


  221 00000064 E7FE            B                .
  222 00000066                 ENDP
  223 00000066         SysTick_Handler
                               PROC
  224 00000066                 EXPORT           SysTick_Handler           [WEAK
]
  225 00000066 E7FE            B                .
  226 00000068                 ENDP
  227 00000068         
  228 00000068         Default_Handler
                               PROC
  229 00000068         
  230 00000068                 EXPORT           WDT_IRQHandler            [WEAK
]
  231 00000068                 EXPORT           TIMER0_IRQHandler         [WEAK
]
  232 00000068                 EXPORT           TIMER1_IRQHandler         [WEAK
]
  233 00000068                 EXPORT           TIMER2_IRQHandler         [WEAK
]
  234 00000068                 EXPORT           TIMER3_IRQHandler         [WEAK
]
  235 00000068                 EXPORT           UART0_IRQHandler          [WEAK
]
  236 00000068                 EXPORT           UART1_IRQHandler          [WEAK
]
  237 00000068                 EXPORT           UART2_IRQHandler          [WEAK
]
  238 00000068                 EXPORT           UART3_IRQHandler          [WEAK
]
  239 00000068                 EXPORT           PWM1_IRQHandler           [WEAK
]
  240 00000068                 EXPORT           I2C0_IRQHandler           [WEAK
]
  241 00000068                 EXPORT           I2C1_IRQHandler           [WEAK
]
  242 00000068                 EXPORT           I2C2_IRQHandler           [WEAK
]
  243 00000068                 EXPORT           SPI_IRQHandler            [WEAK
]
  244 00000068                 EXPORT           SSP0_IRQHandler           [WEAK
]
  245 00000068                 EXPORT           SSP1_IRQHandler           [WEAK
]
  246 00000068                 EXPORT           PLL0_IRQHandler           [WEAK
]
  247 00000068                 EXPORT           RTC_IRQHandler            [WEAK
]
  248 00000068                 EXPORT           EINT0_IRQHandler          [WEAK
]
  249 00000068                 EXPORT           EINT1_IRQHandler          [WEAK
]
  250 00000068                 EXPORT           EINT2_IRQHandler          [WEAK
]
  251 00000068                 EXPORT           EINT3_IRQHandler          [WEAK
]
  252 00000068                 EXPORT           ADC_IRQHandler            [WEAK
]
  253 00000068                 EXPORT           BOD_IRQHandler            [WEAK



ARM Macro Assembler    Page 11 


]
  254 00000068                 EXPORT           USB_IRQHandler            [WEAK
]
  255 00000068                 EXPORT           CAN_IRQHandler            [WEAK
]
  256 00000068                 EXPORT           DMA_IRQHandler            [WEAK
]
  257 00000068                 EXPORT           I2S_IRQHandler            [WEAK
]
  258 00000068                 EXPORT           ENET_IRQHandler           [WEAK
]
  259 00000068                 EXPORT           RIT_IRQHandler            [WEAK
]
  260 00000068                 EXPORT           MCPWM_IRQHandler          [WEAK
]
  261 00000068                 EXPORT           QEI_IRQHandler            [WEAK
]
  262 00000068                 EXPORT           PLL1_IRQHandler           [WEAK
]
  263 00000068                 EXPORT           USBActivity_IRQHandler    [WEAK
]
  264 00000068                 EXPORT           CANActivity_IRQHandler    [WEAK
]
  265 00000068         
  266 00000068         WDT_IRQHandler
  267 00000068         TIMER0_IRQHandler
  268 00000068         TIMER1_IRQHandler
  269 00000068         TIMER2_IRQHandler
  270 00000068         TIMER3_IRQHandler
  271 00000068         UART0_IRQHandler
  272 00000068         UART1_IRQHandler
  273 00000068         UART2_IRQHandler
  274 00000068         UART3_IRQHandler
  275 00000068         PWM1_IRQHandler
  276 00000068         I2C0_IRQHandler
  277 00000068         I2C1_IRQHandler
  278 00000068         I2C2_IRQHandler
  279 00000068         SPI_IRQHandler
  280 00000068         SSP0_IRQHandler
  281 00000068         SSP1_IRQHandler
  282 00000068         PLL0_IRQHandler
  283 00000068         RTC_IRQHandler
  284 00000068         EINT0_IRQHandler
  285 00000068         EINT1_IRQHandler
  286 00000068         EINT2_IRQHandler
  287 00000068         EINT3_IRQHandler
  288 00000068         ADC_IRQHandler
  289 00000068         BOD_IRQHandler
  290 00000068         USB_IRQHandler
  291 00000068         CAN_IRQHandler
  292 00000068         DMA_IRQHandler
  293 00000068         I2S_IRQHandler
  294 00000068         ENET_IRQHandler
  295 00000068         RIT_IRQHandler
  296 00000068         MCPWM_IRQHandler
  297 00000068         QEI_IRQHandler
  298 00000068         PLL1_IRQHandler
  299 00000068         USBActivity_IRQHandler
  300 00000068         CANActivity_IRQHandler



ARM Macro Assembler    Page 12 


  301 00000068         
  302 00000068 E7FE            B                .
  303 0000006A         
  304 0000006A                 ENDP
  305 0000006A         
  306 0000006A         
  307 0000006A 00 00           ALIGN
  308 0000006C         
  309 0000006C         
  310 0000006C         ; User Initial Stack & Heap
  311 0000006C         
  312 0000006C                 IF               :DEF:__MICROLIB
  319 0000006C         
  320 0000006C                 IMPORT           __use_two_region_memory
  321 0000006C                 EXPORT           __user_initial_stackheap
  322 0000006C         __user_initial_stackheap
  323 0000006C         
  324 0000006C 4804            LDR              R0, =  Heap_Mem
  325 0000006E 4905            LDR              R1, =(Stack_Mem + Stack_Size)
  326 00000070 4A03            LDR              R2, = (Heap_Mem +  Heap_Size)
  327 00000072 4B01            LDR              R3, = Stack_Mem
  328 00000074 4770            BX               LR
  329 00000076         
  330 00000076 00 00           ALIGN
  331 00000078         
  332 00000078                 ENDIF
  333 00000078         
  334 00000078         
  335 00000078                 END
              00000000 
              00000000 
              00000000 
              00000200 
Command Line: --debug --xref --diag_suppress=9931 --cpu=Cortex-M3 --apcs=interw
ork --depend=.\startup_lpc17xx.d -o.\startup_lpc17xx.o -I.\RTE\_Target_1 -IC:\U
sers\Kevin\AppData\Local\Arm\Packs\ARM\CMSIS\5.9.0\CMSIS\Core\Include -IC:\User
s\Kevin\AppData\Local\Arm\Packs\Keil\LPC1700_DFP\2.7.1\Device\Include --predefi
ne="__EVAL SETA 1" --predefine="__UVISION_VERSION SETA 537" --predefine="_RTE_ 
SETA 1" --predefine="LPC175x_6x SETA 1" --predefine="_RTE_ SETA 1" --list=.\sta
rtup_lpc17xx.lst startup_LPC17xx.s



ARM Macro Assembler    Page 1 Alphabetic symbol ordering
Relocatable symbols

STACK 00000000

Symbol: STACK
   Definitions
      At line 33 in file startup_LPC17xx.s
   Uses
      None
Comment: STACK unused
Stack_Mem 00000100

Symbol: Stack_Mem
   Definitions
      At line 35 in file startup_LPC17xx.s
   Uses
      At line 151 in file startup_LPC17xx.s
      At line 325 in file startup_LPC17xx.s
      At line 327 in file startup_LPC17xx.s

__initial_sp 00000200

Symbol: __initial_sp
   Definitions
      At line 36 in file startup_LPC17xx.s
   Uses
      At line 60 in file startup_LPC17xx.s
Comment: __initial_sp used once
3 symbols



ARM Macro Assembler    Page 1 Alphabetic symbol ordering
Relocatable symbols

HEAP 00000000

Symbol: HEAP
   Definitions
      At line 45 in file startup_LPC17xx.s
   Uses
      None
Comment: HEAP unused
Heap_Mem 00000000

Symbol: Heap_Mem
   Definitions
      At line 47 in file startup_LPC17xx.s
   Uses
      At line 324 in file startup_LPC17xx.s
      At line 326 in file startup_LPC17xx.s

__heap_base 00000000

Symbol: __heap_base
   Definitions
      At line 46 in file startup_LPC17xx.s
   Uses
      None
Comment: __heap_base unused
__heap_limit 00000000

Symbol: __heap_limit
   Definitions
      At line 48 in file startup_LPC17xx.s
   Uses
      None
Comment: __heap_limit unused
4 symbols



ARM Macro Assembler    Page 1 Alphabetic symbol ordering
Relocatable symbols

RESET 00000000

Symbol: RESET
   Definitions
      At line 57 in file startup_LPC17xx.s
   Uses
      None
Comment: RESET unused
__Vectors 00000000

Symbol: __Vectors
   Definitions
      At line 60 in file startup_LPC17xx.s
   Uses
      At line 58 in file startup_LPC17xx.s
Comment: __Vectors used once
2 symbols



ARM Macro Assembler    Page 1 Alphabetic symbol ordering
Relocatable symbols

.ARM.__at_0x02FC 00000000

Symbol: .ARM.__at_0x02FC
   Definitions
      At line 116 in file startup_LPC17xx.s
   Uses
      None
Comment: .ARM.__at_0x02FC unused
CRP_Key 00000000

Symbol: CRP_Key
   Definitions
      At line 117 in file startup_LPC17xx.s
   Uses
      None
Comment: CRP_Key unused
2 symbols



ARM Macro Assembler    Page 1 Alphabetic symbol ordering
Relocatable symbols

COLUMNS 000003C9

Symbol: COLUMNS
   Definitions
      At line 134 in file startup_LPC17xx.s
   Uses
      At line 138 in file startup_LPC17xx.s
Comment: COLUMNS used once
Matrix_Coordinates 00000000

Symbol: Matrix_Coordinates
   Definitions
      At line 122 in file startup_LPC17xx.s
   Uses
      At line 136 in file startup_LPC17xx.s
Comment: Matrix_Coordinates used once
ROWS 000003C8

Symbol: ROWS
   Definitions
      At line 133 in file startup_LPC17xx.s
   Uses
      At line 137 in file startup_LPC17xx.s
Comment: ROWS used once
data 00000000

Symbol: data
   Definitions
      At line 120 in file startup_LPC17xx.s
   Uses
      None
Comment: data unused
4 symbols



ARM Macro Assembler    Page 1 Alphabetic symbol ordering
Relocatable symbols

.text 00000000

Symbol: .text
   Definitions
      At line 141 in file startup_LPC17xx.s
   Uses
      None
Comment: .text unused
ADC_IRQHandler 00000068

Symbol: ADC_IRQHandler
   Definitions
      At line 288 in file startup_LPC17xx.s
   Uses
      At line 100 in file startup_LPC17xx.s
      At line 252 in file startup_LPC17xx.s

BOD_IRQHandler 00000068

Symbol: BOD_IRQHandler
   Definitions
      At line 289 in file startup_LPC17xx.s
   Uses
      At line 101 in file startup_LPC17xx.s
      At line 253 in file startup_LPC17xx.s

BusFault_Handler 00000018

Symbol: BusFault_Handler
   Definitions
      At line 177 in file startup_LPC17xx.s
   Uses
      At line 65 in file startup_LPC17xx.s
      At line 178 in file startup_LPC17xx.s

CANActivity_IRQHandler 00000068

Symbol: CANActivity_IRQHandler
   Definitions
      At line 300 in file startup_LPC17xx.s
   Uses
      At line 112 in file startup_LPC17xx.s
      At line 264 in file startup_LPC17xx.s

CAN_IRQHandler 00000068

Symbol: CAN_IRQHandler
   Definitions
      At line 291 in file startup_LPC17xx.s
   Uses
      At line 103 in file startup_LPC17xx.s
      At line 255 in file startup_LPC17xx.s

DMA_IRQHandler 00000068

Symbol: DMA_IRQHandler
   Definitions
      At line 292 in file startup_LPC17xx.s
   Uses



ARM Macro Assembler    Page 2 Alphabetic symbol ordering
Relocatable symbols

      At line 104 in file startup_LPC17xx.s
      At line 256 in file startup_LPC17xx.s

DebugMon_Handler 00000062

Symbol: DebugMon_Handler
   Definitions
      At line 215 in file startup_LPC17xx.s
   Uses
      At line 72 in file startup_LPC17xx.s
      At line 216 in file startup_LPC17xx.s

Default_Handler 00000068

Symbol: Default_Handler
   Definitions
      At line 228 in file startup_LPC17xx.s
   Uses
      None
Comment: Default_Handler unused
EINT0_IRQHandler 00000068

Symbol: EINT0_IRQHandler
   Definitions
      At line 284 in file startup_LPC17xx.s
   Uses
      At line 96 in file startup_LPC17xx.s
      At line 248 in file startup_LPC17xx.s

EINT1_IRQHandler 00000068

Symbol: EINT1_IRQHandler
   Definitions
      At line 285 in file startup_LPC17xx.s
   Uses
      At line 97 in file startup_LPC17xx.s
      At line 249 in file startup_LPC17xx.s

EINT2_IRQHandler 00000068

Symbol: EINT2_IRQHandler
   Definitions
      At line 286 in file startup_LPC17xx.s
   Uses
      At line 98 in file startup_LPC17xx.s
      At line 250 in file startup_LPC17xx.s

EINT3_IRQHandler 00000068

Symbol: EINT3_IRQHandler
   Definitions
      At line 287 in file startup_LPC17xx.s
   Uses
      At line 99 in file startup_LPC17xx.s
      At line 251 in file startup_LPC17xx.s

ENET_IRQHandler 00000068

Symbol: ENET_IRQHandler



ARM Macro Assembler    Page 3 Alphabetic symbol ordering
Relocatable symbols

   Definitions
      At line 294 in file startup_LPC17xx.s
   Uses
      At line 106 in file startup_LPC17xx.s
      At line 258 in file startup_LPC17xx.s

HardFault_Handler 00000014

Symbol: HardFault_Handler
   Definitions
      At line 167 in file startup_LPC17xx.s
   Uses
      At line 63 in file startup_LPC17xx.s
      At line 168 in file startup_LPC17xx.s

I2C0_IRQHandler 00000068

Symbol: I2C0_IRQHandler
   Definitions
      At line 276 in file startup_LPC17xx.s
   Uses
      At line 88 in file startup_LPC17xx.s
      At line 240 in file startup_LPC17xx.s

I2C1_IRQHandler 00000068

Symbol: I2C1_IRQHandler
   Definitions
      At line 277 in file startup_LPC17xx.s
   Uses
      At line 89 in file startup_LPC17xx.s
      At line 241 in file startup_LPC17xx.s

I2C2_IRQHandler 00000068

Symbol: I2C2_IRQHandler
   Definitions
      At line 278 in file startup_LPC17xx.s
   Uses
      At line 90 in file startup_LPC17xx.s
      At line 242 in file startup_LPC17xx.s

I2S_IRQHandler 00000068

Symbol: I2S_IRQHandler
   Definitions
      At line 293 in file startup_LPC17xx.s
   Uses
      At line 105 in file startup_LPC17xx.s
      At line 257 in file startup_LPC17xx.s

MCPWM_IRQHandler 00000068

Symbol: MCPWM_IRQHandler
   Definitions
      At line 296 in file startup_LPC17xx.s
   Uses
      At line 108 in file startup_LPC17xx.s
      At line 260 in file startup_LPC17xx.s



ARM Macro Assembler    Page 4 Alphabetic symbol ordering
Relocatable symbols


MemManage_Handler 00000016

Symbol: MemManage_Handler
   Definitions
      At line 172 in file startup_LPC17xx.s
   Uses
      At line 64 in file startup_LPC17xx.s
      At line 173 in file startup_LPC17xx.s

NMI_Handler 00000012

Symbol: NMI_Handler
   Definitions
      At line 162 in file startup_LPC17xx.s
   Uses
      At line 62 in file startup_LPC17xx.s
      At line 163 in file startup_LPC17xx.s

PLL0_IRQHandler 00000068

Symbol: PLL0_IRQHandler
   Definitions
      At line 282 in file startup_LPC17xx.s
   Uses
      At line 94 in file startup_LPC17xx.s
      At line 246 in file startup_LPC17xx.s

PLL1_IRQHandler 00000068

Symbol: PLL1_IRQHandler
   Definitions
      At line 298 in file startup_LPC17xx.s
   Uses
      At line 110 in file startup_LPC17xx.s
      At line 262 in file startup_LPC17xx.s

PWM1_IRQHandler 00000068

Symbol: PWM1_IRQHandler
   Definitions
      At line 275 in file startup_LPC17xx.s
   Uses
      At line 87 in file startup_LPC17xx.s
      At line 239 in file startup_LPC17xx.s

PendSV_Handler 00000064

Symbol: PendSV_Handler
   Definitions
      At line 219 in file startup_LPC17xx.s
   Uses
      At line 74 in file startup_LPC17xx.s
      At line 220 in file startup_LPC17xx.s

QEI_IRQHandler 00000068

Symbol: QEI_IRQHandler
   Definitions



ARM Macro Assembler    Page 5 Alphabetic symbol ordering
Relocatable symbols

      At line 297 in file startup_LPC17xx.s
   Uses
      At line 109 in file startup_LPC17xx.s
      At line 261 in file startup_LPC17xx.s

RIT_IRQHandler 00000068

Symbol: RIT_IRQHandler
   Definitions
      At line 295 in file startup_LPC17xx.s
   Uses
      At line 107 in file startup_LPC17xx.s
      At line 259 in file startup_LPC17xx.s

RTC_IRQHandler 00000068

Symbol: RTC_IRQHandler
   Definitions
      At line 283 in file startup_LPC17xx.s
   Uses
      At line 95 in file startup_LPC17xx.s
      At line 247 in file startup_LPC17xx.s

Reset_Handler 00000000

Symbol: Reset_Handler
   Definitions
      At line 146 in file startup_LPC17xx.s
   Uses
      At line 61 in file startup_LPC17xx.s
      At line 147 in file startup_LPC17xx.s

SPI_IRQHandler 00000068

Symbol: SPI_IRQHandler
   Definitions
      At line 279 in file startup_LPC17xx.s
   Uses
      At line 91 in file startup_LPC17xx.s
      At line 243 in file startup_LPC17xx.s

SSP0_IRQHandler 00000068

Symbol: SSP0_IRQHandler
   Definitions
      At line 280 in file startup_LPC17xx.s
   Uses
      At line 92 in file startup_LPC17xx.s
      At line 244 in file startup_LPC17xx.s

SSP1_IRQHandler 00000068

Symbol: SSP1_IRQHandler
   Definitions
      At line 281 in file startup_LPC17xx.s
   Uses
      At line 93 in file startup_LPC17xx.s
      At line 245 in file startup_LPC17xx.s




ARM Macro Assembler    Page 6 Alphabetic symbol ordering
Relocatable symbols

SVC_Handler 0000001C

Symbol: SVC_Handler
   Definitions
      At line 186 in file startup_LPC17xx.s
   Uses
      At line 71 in file startup_LPC17xx.s
      At line 187 in file startup_LPC17xx.s

SysTick_Handler 00000066

Symbol: SysTick_Handler
   Definitions
      At line 223 in file startup_LPC17xx.s
   Uses
      At line 75 in file startup_LPC17xx.s
      At line 224 in file startup_LPC17xx.s

TIMER0_IRQHandler 00000068

Symbol: TIMER0_IRQHandler
   Definitions
      At line 267 in file startup_LPC17xx.s
   Uses
      At line 79 in file startup_LPC17xx.s
      At line 231 in file startup_LPC17xx.s

TIMER1_IRQHandler 00000068

Symbol: TIMER1_IRQHandler
   Definitions
      At line 268 in file startup_LPC17xx.s
   Uses
      At line 80 in file startup_LPC17xx.s
      At line 232 in file startup_LPC17xx.s

TIMER2_IRQHandler 00000068

Symbol: TIMER2_IRQHandler
   Definitions
      At line 269 in file startup_LPC17xx.s
   Uses
      At line 81 in file startup_LPC17xx.s
      At line 233 in file startup_LPC17xx.s

TIMER3_IRQHandler 00000068

Symbol: TIMER3_IRQHandler
   Definitions
      At line 270 in file startup_LPC17xx.s
   Uses
      At line 82 in file startup_LPC17xx.s
      At line 234 in file startup_LPC17xx.s

UART0_IRQHandler 00000068

Symbol: UART0_IRQHandler
   Definitions
      At line 271 in file startup_LPC17xx.s



ARM Macro Assembler    Page 7 Alphabetic symbol ordering
Relocatable symbols

   Uses
      At line 83 in file startup_LPC17xx.s
      At line 235 in file startup_LPC17xx.s

UART1_IRQHandler 00000068

Symbol: UART1_IRQHandler
   Definitions
      At line 272 in file startup_LPC17xx.s
   Uses
      At line 84 in file startup_LPC17xx.s
      At line 236 in file startup_LPC17xx.s

UART2_IRQHandler 00000068

Symbol: UART2_IRQHandler
   Definitions
      At line 273 in file startup_LPC17xx.s
   Uses
      At line 85 in file startup_LPC17xx.s
      At line 237 in file startup_LPC17xx.s

UART3_IRQHandler 00000068

Symbol: UART3_IRQHandler
   Definitions
      At line 274 in file startup_LPC17xx.s
   Uses
      At line 86 in file startup_LPC17xx.s
      At line 238 in file startup_LPC17xx.s

USBActivity_IRQHandler 00000068

Symbol: USBActivity_IRQHandler
   Definitions
      At line 299 in file startup_LPC17xx.s
   Uses
      At line 111 in file startup_LPC17xx.s
      At line 263 in file startup_LPC17xx.s

USB_IRQHandler 00000068

Symbol: USB_IRQHandler
   Definitions
      At line 290 in file startup_LPC17xx.s
   Uses
      At line 102 in file startup_LPC17xx.s
      At line 254 in file startup_LPC17xx.s

UsageFault_Handler 0000001A

Symbol: UsageFault_Handler
   Definitions
      At line 182 in file startup_LPC17xx.s
   Uses
      At line 66 in file startup_LPC17xx.s
      At line 183 in file startup_LPC17xx.s

WDT_IRQHandler 00000068



ARM Macro Assembler    Page 8 Alphabetic symbol ordering
Relocatable symbols


Symbol: WDT_IRQHandler
   Definitions
      At line 266 in file startup_LPC17xx.s
   Uses
      At line 78 in file startup_LPC17xx.s
      At line 230 in file startup_LPC17xx.s

__user_initial_stackheap 0000006C

Symbol: __user_initial_stackheap
   Definitions
      At line 322 in file startup_LPC17xx.s
   Uses
      At line 321 in file startup_LPC17xx.s
Comment: __user_initial_stackheap used once
48 symbols



ARM Macro Assembler    Page 1 Alphabetic symbol ordering
Absolute symbols

Heap_Size 00000000

Symbol: Heap_Size
   Definitions
      At line 43 in file startup_LPC17xx.s
   Uses
      At line 47 in file startup_LPC17xx.s
      At line 326 in file startup_LPC17xx.s

Stack_Size 00000200

Symbol: Stack_Size
   Definitions
      At line 31 in file startup_LPC17xx.s
   Uses
      At line 34 in file startup_LPC17xx.s
      At line 35 in file startup_LPC17xx.s
      At line 325 in file startup_LPC17xx.s

2 symbols



ARM Macro Assembler    Page 1 Alphabetic symbol ordering
External symbols

__main 00000000

Symbol: __main
   Definitions
      At line 155 in file startup_LPC17xx.s
   Uses
      At line 156 in file startup_LPC17xx.s
Comment: __main used once
__use_two_region_memory 00000000

Symbol: __use_two_region_memory
   Definitions
      At line 320 in file startup_LPC17xx.s
   Uses
      None
Comment: __use_two_region_memory unused
2 symbols
407 symbols in table
